<?xml version='1.0' encoding='UTF-8'?>
<testsuites name="results">
  <testsuite name="all" package="all" tests="0">
    <testcase classname="test_ex_stage" name="ex_stage_branch" time="0.2338390350341797" />
    <testcase classname="test_ex_stage" name="ex_stage_coreop" time="0.2967569828033447" />
    <testcase classname="test_ex_stage" name="ex_stage_jump" time="0.2297060489654541" />
    <testcase classname="test_ex_stage" name="ex_stage_jumplink" time="0.22930693626403809" />
  </testsuite>
</testsuites>
